android/app/build/outputs/mapping/release/seeds.txt
com.dplusexpress.app.MainActivity
com.dplusexpress.app.MainActivity: MainActivity()
...
com.pichillilorenzo.flutter_inappwebview_android.R$styleable: int AppCompatTextView_autoSizeMinTextSize
com.pichillilorenzo.flutter_inappwebview_android.R$styleable: int TextAppearance_android_textColorHint
androidx.browser.customtabs.CustomTabsServiceConnection: android.content.Context mApplicationContext
com.pichillilorenzo.flutter_inappwebview_android.R$id: int action_menu_divider
com.google.android.gms.internal.measurement.zzgn$zzd: com.google.android.gms.internal.measurement.zzgn$zzm zzh
com.pichillilorenzo.flutter_inappwebview_android.R$styleable: int SplitPlaceholderRule_animationBackgroundColor
com.pichillilorenzo.flutter_inappwebview_android.R$drawable: int notification_oversize_large_icon_bg
com.pichillilorenzo.flutter_inappwebview_android.types.HttpAuthenticationChallenge: int previousFailureCount
com.dexterous.flutterlocalnotifications.R$id: int accessibility_custom_action_22
com.dexterous.flutterlocalnotifications.R$color: int androidx_core_secondary_text_default_material_light
com.pichillilorenzo.flutter_inappwebview_android.R$layout: int floating_action_mode_item
com.dexterous.flutterlocalnotifications.FlutterLocalNotificationsPlugin: java.lang.String GET_ACTIVE_NOTIFICATION_MESSAGING_STYLE_METHOD
com.pichillilorenzo.flutter_inappwebview_android.plugin_scripts_js.OnWindowFocusEventJS: java.lang.String ON_WINDOW_FOCUS_EVENT_JS_PLUGIN_SCRIPT_GROUP_NAME
com.google.android.gms.internal.measurement.zzfn$zzd: com.google.android.gms.internal.measurement.zzfn$zzd zzc
com.pichillilorenzo.flutter_inappwebview_android.types.MediaSizeExt: int heightMils
com.pichillilorenzo.flutter_inappwebview_android.R$styleable: int SearchView_android_maxWidth
com.pichillilorenzo.flutter_inappwebview_android.R$styleable: int AppCompatTheme_buttonStyleSmall
com.pichillilorenzo.flutter_inappwebview_android.webview.in_app_webview.InAppWebViewClient$4: com.pichillilorenzo.flutter_inappwebview_android.webview.in_app_webview.InAppWebViewClient this$0
android.support.v4.media.session.MediaSessionCompat$QueueItem: android.os.Parcelable$Creator CREATOR
com.pichillilorenzo.flutter_inappwebview_android.webview.in_app_webview.InAppWebViewClientCompat$5: com.pichillilorenzo.flutter_inappwebview_android.webview.in_app_webview.InAppWebViewClientCompat this$0
com.pichillilorenzo.flutter_inappwebview_android.R$styleable: int AppCompatTheme_actionModeSplitBackground
com.pichillilorenzo.flutter_inappwebview_android.types.UserContentController: java.lang.String CONTENT_WORLDS_GENERATOR_JS_SOURCE
com.google.android.gms.internal.measurement.zzgn$zzk: java.lang.String zzo
com.google.android.gms.internal.measurement.zzfx$zza$zzf: com.google.android.gms.internal.measurement.zzmu zzd
com.pichillilorenzo.flutter_inappwebview_android.pull_to_refresh.PullToRefreshSettings: java.lang.Integer distanceToTriggerSync
com.pichillilorenzo.flutter_inappwebview_android.R$styleable: int MenuItem_actionViewClass
io.flutter.embedding.engine.FlutterJNI: io.flutter.embedding.engine.FlutterJNI$AccessibilityDelegate accessibilityDelegate
com.pichillilorenzo.flutter_inappwebview_android.R$styleable: int[] FontFamily
com.pichillilorenzo.flutter_inappwebview_android.R$id: int chronometer
com.dexterous.flutterlocalnotifications.models.NotificationStyle: com.dexterous.flutterlocalnotifications.models.NotificationStyle Messaging
com.dexterous.flutterlocalnotifications.models.NotificationAction: java.lang.String TITLE_COLOR_BLUE
androidx.swiperefreshlayout.widget.SwipeRefreshLayout: int STARTING_PROGRESS_ALPHA
com.pichillilorenzo.flutter_inappwebview_android.content_blocker.ContentBlockerHandler$1: java.lang.String[] val$webViewUrl
com.pichillilorenzo.flutter_inappwebview_android.tracing.TracingControllerManager: com.pichillilorenzo.flutter_inappwebview_android.InAppWebViewFlutterPlugin plugin
com.google.android.gms.internal.measurement.zzgn$zzn: int zzf
com.pichillilorenzo.flutter_inappwebview_android.R$styleable: int AppCompatTextView_drawableStartCompat