android/app/build/outputs/mapping/release/mapping.txt
# compiler: R8
# compiler_version: 3.3.70
# min_api: 23
# common_typos_disable
# {"id":"com.android.tools.r8.mapping","version":"2.0"}
# pg_map_id: c9419ac
# pg_map_hash: SHA-256 c9419ac4f7cd595e3b4ea8ddb6473fb3bdd95df19d01cc623581d5eba4278172
...
kotlinx.coroutines.internal.LockFreeTaskQueue -> l8.t:
    java.util.concurrent.atomic.AtomicReferenceFieldUpdater _cur$FU -> a
    boolean addLast(java.lang.Object) -> a
    void close() -> b
    int getSize() -> c
    java.lang.Object removeFirstOrNull() -> d
kotlinx.coroutines.internal.LockFreeTaskQueueCore -> l8.u:
    java.util.concurrent.atomic.AtomicLongFieldUpdater _state$FU -> g
    java.util.concurrent.atomic.AtomicReferenceFieldUpdater _next$FU -> f
    kotlinx.coroutines.internal.Symbol REMOVE_FROZEN -> h
    kotlinx.coroutines.internal.LockFreeTaskQueueCore$Companion Companion -> e
    java.util.concurrent.atomic.AtomicReferenceArray array -> d
    boolean singleConsumer -> b
    int mask -> c
    int capacity -> a
    int addLast(java.lang.Object) -> a
    kotlinx.coroutines.internal.LockFreeTaskQueueCore allocateNextCopy(long) -> b
    kotlinx.coroutines.internal.LockFreeTaskQueueCore allocateOrGetNextCopy(long) -> c
    boolean close() -> d
    kotlinx.coroutines.internal.LockFreeTaskQueueCore fillPlaceholder(int,java.lang.Object) -> e
    int getSize() -> f
    boolean isEmpty() -> g
    long markFrozen() -> h
    kotlinx.coroutines.internal.LockFreeTaskQueueCore next() -> i
    java.lang.Object removeFirstOrNull() -> j
    kotlinx.coroutines.internal.LockFreeTaskQueueCore removeSlowPath(int,int) -> k
kotlinx.coroutines.internal.LockFreeTaskQueueCore$Companion -> l8.u$a:
    int addFailReason(long) -> a
    long updateHead(long,int) -> b
    long updateTail(long,int) -> c
    long wo(long,long) -> d
kotlinx.coroutines.internal.LockFreeTaskQueueCore$Placeholder -> l8.u$b:
    int index -> a
kotlinx.coroutines.internal.MainDispatcherFactory -> l8.v:
    java.lang.String hintOnError() -> a
    kotlinx.coroutines.MainCoroutineDispatcher createDispatcher(java.util.List) -> b
    int getLoadPriority() -> c
kotlinx.coroutines.internal.MainDispatcherLoader -> l8.w:
    kotlinx.coroutines.internal.MainDispatcherLoader INSTANCE -> a
    kotlinx.coroutines.MainCoroutineDispatcher dispatcher -> c
    boolean FAST_SERVICE_LOADER_ENABLED -> b
    kotlinx.coroutines.MainCoroutineDispatcher loadMainDispatcher() -> a
kotlinx.coroutines.internal.MainDispatchersKt -> l8.x:
    boolean SUPPORT_MISSING -> a
    kotlinx.coroutines.internal.MissingMainCoroutineDispatcher createMissingDispatcher(java.lang.Throwable,java.lang.String) -> a
    kotlinx.coroutines.internal.MissingMainCoroutineDispatcher createMissingDispatcher$default(java.lang.Throwable,java.lang.String,int,java.lang.Object) -> b
    boolean isMissing(kotlinx.coroutines.MainCoroutineDispatcher) -> c
    java.lang.Void throwMissingMainDispatcherException() -> d
    kotlinx.coroutines.MainCoroutineDispatcher tryCreateDispatcher(kotlinx.coroutines.internal.MainDispatcherFactory,java.util.List) -> e
kotlinx.coroutines.internal.MissingMainCoroutineDispatcher -> l8.y:
    java.lang.Throwable cause -> p
    java.lang.String errorHint -> q
    kotlinx.coroutines.MainCoroutineDispatcher getImmediate() -> H
    java.lang.Void dispatch(kotlin.coroutines.CoroutineContext,java.lang.Runnable) -> L
    java.lang.Void missing() -> N
    void dispatch(kotlin.coroutines.CoroutineContext,java.lang.Runnable) -> e
    boolean isDispatchNeeded(kotlin.coroutines.CoroutineContext) -> w