android/app/build/outputs/mapping/release/usage.txt
com.dplusexpress.app.BuildConfig
com.dplusexpress.app.R$anim
com.dplusexpress.app.R$animator
com.dplusexpress.app.R$attr
com.dplusexpress.app.R$bool
com.dplusexpress.app.R$color
com.dplusexpress.app.R$dimen
com.dplusexpress.app.R$drawable
com.dplusexpress.app.R$id
com.dplusexpress.app.R$integer
com.dplusexpress.app.R$interpolator
com.dplusexpress.app.R$layout
com.dplusexpress.app.R$menu
com.dplusexpress.app.R$mipmap
com.dplusexpress.app.R$plurals
com.dplusexpress.app.R$raw
com.dplusexpress.app.R$string
com.dplusexpress.app.R$style
com.dplusexpress.app.R$styleable
com.dplusexpress.app.R$xml
com.dplusexpress.app.R
...
com.google.common.util.concurrent.FuturesGetChecked
com.google.common.util.concurrent.GwtFluentFutureCatchingSpecialization
com.google.common.util.concurrent.GwtFuturesCatchingSpecialization:
    void <init>()
com.google.common.util.concurrent.ImmediateFuture$ImmediateCancelledFuture
com.google.common.util.concurrent.ImmediateFuture$ImmediateFailedFuture
com.google.common.util.concurrent.ImmediateFuture
com.google.common.util.concurrent.InterruptibleTask$1
com.google.common.util.concurrent.InterruptibleTask$Blocker
com.google.common.util.concurrent.InterruptibleTask$DoNothingRunnable
com.google.common.util.concurrent.InterruptibleTask
com.google.common.util.concurrent.JdkFutureAdapters$ListenableFutureAdapter
com.google.common.util.concurrent.JdkFutureAdapters
com.google.common.util.concurrent.ListenableFutureTask
com.google.common.util.concurrent.ListenableScheduledFuture
com.google.common.util.concurrent.ListenerCallQueue$Event
com.google.common.util.concurrent.ListenerCallQueue$PerListenerQueue
com.google.common.util.concurrent.ListenerCallQueue
com.google.common.util.concurrent.ListeningExecutorService
com.google.common.util.concurrent.ListeningScheduledExecutorService
com.google.common.util.concurrent.Monitor$Guard
com.google.common.util.concurrent.Monitor
com.google.common.util.concurrent.MoreExecutors$1
com.google.common.util.concurrent.MoreExecutors$2
com.google.common.util.concurrent.MoreExecutors$3
com.google.common.util.concurrent.MoreExecutors$4
com.google.common.util.concurrent.MoreExecutors$5
com.google.common.util.concurrent.MoreExecutors$Application$1
com.google.common.util.concurrent.MoreExecutors$Application
com.google.common.util.concurrent.MoreExecutors$DirectExecutorService
com.google.common.util.concurrent.MoreExecutors$ListeningDecorator
com.google.common.util.concurrent.MoreExecutors$ScheduledListeningDecorator$ListenableScheduledTask
com.google.common.util.concurrent.MoreExecutors$ScheduledListeningDecorator$NeverSuccessfulListenableFutureTask
com.google.common.util.concurrent.MoreExecutors$ScheduledListeningDecorator
com.google.common.util.concurrent.MoreExecutors
com.google.common.util.concurrent.NullnessCasts
com.google.common.util.concurrent.OverflowAvoidingLockSupport
com.google.common.util.concurrent.ParametricNullness
com.google.common.util.concurrent.Partially$GwtIncompatible
com.google.common.util.concurrent.Partially
com.google.common.util.concurrent.Platform
com.google.common.util.concurrent.RateLimiter$SleepingStopwatch$1
com.google.common.util.concurrent.RateLimiter$SleepingStopwatch
com.google.common.util.concurrent.RateLimiter
com.google.common.util.concurrent.Runnables$1
com.google.common.util.concurrent.Runnables
com.google.common.util.concurrent.SequentialExecutor$1
com.google.common.util.concurrent.SequentialExecutor$QueueWorker
com.google.common.util.concurrent.SequentialExecutor$WorkerRunningState
com.google.common.util.concurrent.SequentialExecutor
com.google.common.util.concurrent.Service$Listener
com.google.common.util.concurrent.Service$State
com.google.common.util.concurrent.Service
com.google.common.util.concurrent.ServiceManager$1
com.google.common.util.concurrent.ServiceManager$2
com.google.common.util.concurrent.ServiceManager$EmptyServiceManagerWarning
com.google.common.util.concurrent.ServiceManager$Listener
com.google.common.util.concurrent.ServiceManager$NoOpService
com.google.common.util.concurrent.ServiceManager$ServiceListener
com.google.common.util.concurrent.ServiceManager$ServiceManagerState$1
com.google.common.util.concurrent.ServiceManager$ServiceManagerState$2
com.google.common.util.concurrent.ServiceManager$ServiceManagerState$AwaitHealthGuard
com.google.common.util.concurrent.ServiceManager$ServiceManagerState$StoppedGuard
com.google.common.util.concurrent.ServiceManager$ServiceManagerState
com.google.common.util.concurrent.ServiceManager
com.google.common.util.concurrent.ServiceManagerBridge
com.google.common.util.concurrent.SettableFuture